<?xml version="1.0" encoding="UTF-8" standalone="yes"?><!DOCTYPE report PUBLIC "-//JACOCO//DTD Report 1.1//EN" "report.dtd"><report name="Fulcrum JSON Jackson 2.x Impl"><sessioninfo id="CEDIS144-1ed9c110" start="1632149084019" dump="1632149091366"/><sessioninfo id="CEDIS144-25073fff" start="1632150334802" dump="1632150340910"/><package name="org/apache/fulcrum/json/jackson/jsonpath"><class name="org/apache/fulcrum/json/jackson/jsonpath/JsonPathDefault" sourcefilename="JsonPathDefault.java"><method name="&lt;init&gt;" desc="(Lcom/fasterxml/jackson/databind/ObjectMapper;)V" line="49"><counter type="INSTRUCTION" missed="0" covered="15"/><counter type="LINE" missed="0" covered="4"/><counter type="COMPLEXITY" missed="0" covered="1"/><counter type="METHOD" missed="0" covered="1"/></method><method name="jsonProvider" desc="()Lcom/jayway/jsonpath/spi/json/JsonProvider;" line="57"><counter type="INSTRUCTION" missed="3" covered="0"/><counter type="LINE" missed="1" covered="0"/><counter type="COMPLEXITY" missed="1" covered="0"/><counter type="METHOD" missed="1" covered="0"/></method><method name="mappingProvider" desc="()Lcom/jayway/jsonpath/spi/mapper/MappingProvider;" line="62"><counter type="INSTRUCTION" missed="3" covered="0"/><counter type="LINE" missed="1" covered="0"/><counter type="COMPLEXITY" missed="1" covered="0"/><counter type="METHOD" missed="1" covered="0"/></method><method name="options" desc="()Ljava/util/Set;" line="67"><counter type="INSTRUCTION" missed="3" covered="0"/><counter type="LINE" missed="1" covered="0"/><counter type="COMPLEXITY" missed="1" covered="0"/><counter type="METHOD" missed="1" covered="0"/></method><counter type="INSTRUCTION" missed="9" covered="15"/><counter type="LINE" missed="3" covered="4"/><counter type="COMPLEXITY" missed="3" covered="1"/><counter type="METHOD" missed="3" covered="1"/><counter type="CLASS" missed="0" covered="1"/></class><class name="org/apache/fulcrum/json/jackson/jsonpath/DefaultJsonPathWrapper" sourcefilename="DefaultJsonPathWrapper.java"><method name="&lt;init&gt;" desc="(Lcom/fasterxml/jackson/databind/ObjectMapper;)V" line="37"><counter type="INSTRUCTION" missed="0" covered="12"/><counter type="LINE" missed="0" covered="4"/><counter type="COMPLEXITY" missed="0" covered="1"/><counter type="METHOD" missed="0" covered="1"/></method><method name="getJsonPathDefault" desc="()Lcom/jayway/jsonpath/Configuration$Defaults;" line="47"><counter type="INSTRUCTION" missed="0" covered="3"/><counter type="LINE" missed="0" covered="1"/><counter type="COMPLEXITY" missed="0" covered="1"/><counter type="METHOD" missed="0" covered="1"/></method><counter type="INSTRUCTION" missed="0" covered="15"/><counter type="LINE" missed="0" covered="5"/><counter type="COMPLEXITY" missed="0" covered="2"/><counter type="METHOD" missed="0" covered="2"/><counter type="CLASS" missed="0" covered="1"/></class><sourcefile name="DefaultJsonPathWrapper.java"><line nr="37" mi="0" ci="2" mb="0" cb="0"/><line nr="38" mi="0" ci="6" mb="0" cb="0"/><line nr="39" mi="0" ci="3" mb="0" cb="0"/><line nr="40" mi="0" ci="1" mb="0" cb="0"/><line nr="47" mi="0" ci="3" mb="0" cb="0"/><counter type="INSTRUCTION" missed="0" covered="15"/><counter type="LINE" missed="0" covered="5"/><counter type="COMPLEXITY" missed="0" covered="2"/><counter type="METHOD" missed="0" covered="2"/><counter type="CLASS" missed="0" covered="1"/></sourcefile><sourcefile name="JsonPathDefault.java"><line nr="49" mi="0" ci="2" mb="0" cb="0"/><line nr="50" mi="0" ci="6" mb="0" cb="0"/><line nr="51" mi="0" ci="6" mb="0" cb="0"/><line nr="52" mi="0" ci="1" mb="0" cb="0"/><line nr="57" mi="3" ci="0" mb="0" cb="0"/><line nr="62" mi="3" ci="0" mb="0" cb="0"/><line nr="67" mi="3" ci="0" mb="0" cb="0"/><counter type="INSTRUCTION" missed="9" covered="15"/><counter type="LINE" missed="3" covered="4"/><counter type="COMPLEXITY" missed="3" covered="1"/><counter type="METHOD" missed="3" covered="1"/><counter type="CLASS" missed="0" covered="1"/></sourcefile><counter type="INSTRUCTION" missed="9" covered="30"/><counter type="LINE" missed="3" covered="9"/><counter type="COMPLEXITY" missed="3" covered="3"/><counter type="METHOD" missed="3" covered="3"/><counter type="CLASS" missed="0" covered="2"/></package><package name="org/apache/fulcrum/json/jackson/filters"><class name="org/apache/fulcrum/json/jackson/filters/FilterContext" sourcefilename="FilterContext.java"><method name="&lt;init&gt;" desc="()V" line="25"><counter type="INSTRUCTION" missed="3" covered="0"/><counter type="LINE" missed="1" covered="0"/><counter type="COMPLEXITY" missed="1" covered="0"/><counter type="METHOD" missed="1" covered="0"/></method><method name="getFilter" desc="()Lcom/fasterxml/jackson/databind/ser/PropertyFilter;" line="30"><counter type="INSTRUCTION" missed="3" covered="0"/><counter type="LINE" missed="1" covered="0"/><counter type="COMPLEXITY" missed="1" covered="0"/><counter type="METHOD" missed="1" covered="0"/></method><method name="setFilter" desc="(Lcom/fasterxml/jackson/databind/ser/PropertyFilter;)V" line="34"><counter type="INSTRUCTION" missed="4" covered="0"/><counter type="LINE" missed="2" covered="0"/><counter type="COMPLEXITY" missed="1" covered="0"/><counter type="METHOD" missed="1" covered="0"/></method><counter type="INSTRUCTION" missed="10" covered="0"/><counter type="LINE" missed="4" covered="0"/><counter type="COMPLEXITY" missed="3" covered="0"/><counter type="METHOD" missed="3" covered="0"/><counter type="CLASS" missed="1" covered="0"/></class><class name="org/apache/fulcrum/json/jackson/filters/CustomModuleWrapper" sourcefilename="CustomModuleWrapper.java"><method name="&lt;init&gt;" desc="(Lcom/fasterxml/jackson/databind/ser/std/StdSerializer;Lcom/fasterxml/jackson/databind/deser/std/StdDeserializer;)V" line="37"><counter type="INSTRUCTION" missed="15" covered="0"/><counter type="LINE" missed="6" covered="0"/><counter type="COMPLEXITY" missed="1" covered="0"/><counter type="METHOD" missed="1" covered="0"/></method><method name="getSer" desc="()Lcom/fasterxml/jackson/databind/ser/std/StdSerializer;" line="55"><counter type="INSTRUCTION" missed="3" covered="0"/><counter type="LINE" missed="1" covered="0"/><counter type="COMPLEXITY" missed="1" covered="0"/><counter type="METHOD" missed="1" covered="0"/></method><method name="setSer" desc="(Lcom/fasterxml/jackson/databind/ser/std/StdSerializer;)V" line="62"><counter type="INSTRUCTION" missed="4" covered="0"/><counter type="LINE" missed="2" covered="0"/><counter type="COMPLEXITY" missed="1" covered="0"/><counter type="METHOD" missed="1" covered="0"/></method><method name="getDeSer" desc="()Lcom/fasterxml/jackson/databind/deser/std/StdDeserializer;" line="69"><counter type="INSTRUCTION" missed="3" covered="0"/><counter type="LINE" missed="1" covered="0"/><counter type="COMPLEXITY" missed="1" covered="0"/><counter type="METHOD" missed="1" covered="0"/></method><method name="setDeSer" desc="(Lcom/fasterxml/jackson/databind/deser/std/StdDeserializer;)V" line="76"><counter type="INSTRUCTION" missed="4" covered="0"/><counter type="LINE" missed="2" covered="0"/><counter type="COMPLEXITY" missed="1" covered="0"/><counter type="METHOD" missed="1" covered="0"/></method><counter type="INSTRUCTION" missed="29" covered="0"/><counter type="LINE" missed="12" covered="0"/><counter type="COMPLEXITY" missed="5" covered="0"/><counter type="METHOD" missed="5" covered="0"/><counter type="CLASS" missed="1" covered="0"/></class><sourcefile name="FilterContext.java"><line nr="25" mi="3" ci="0" mb="0" cb="0"/><line nr="30" mi="3" ci="0" mb="0" cb="0"/><line nr="34" mi="3" ci="0" mb="0" cb="0"/><line nr="35" mi="1" ci="0" mb="0" cb="0"/><counter type="INSTRUCTION" missed="10" covered="0"/><counter type="LINE" missed="4" covered="0"/><counter type="COMPLEXITY" missed="3" covered="0"/><counter type="METHOD" missed="3" covered="0"/><counter type="CLASS" missed="1" covered="0"/></sourcefile><sourcefile name="CustomModuleWrapper.java"><line nr="37" mi="3" ci="0" mb="0" cb="0"/><line nr="38" mi="3" ci="0" mb="0" cb="0"/><line nr="46" mi="2" ci="0" mb="0" cb="0"/><line nr="47" mi="3" ci="0" mb="0" cb="0"/><line nr="48" mi="3" ci="0" mb="0" cb="0"/><line nr="49" mi="1" ci="0" mb="0" cb="0"/><line nr="55" mi="3" ci="0" mb="0" cb="0"/><line nr="62" mi="3" ci="0" mb="0" cb="0"/><line nr="63" mi="1" ci="0" mb="0" cb="0"/><line nr="69" mi="3" ci="0" mb="0" cb="0"/><line nr="76" mi="3" ci="0" mb="0" cb="0"/><line nr="77" mi="1" ci="0" mb="0" cb="0"/><counter type="INSTRUCTION" missed="29" covered="0"/><counter type="LINE" missed="12" covered="0"/><counter type="COMPLEXITY" missed="5" covered="0"/><counter type="METHOD" missed="5" covered="0"/><counter type="CLASS" missed="1" covered="0"/></sourcefile><counter type="INSTRUCTION" missed="39" covered="0"/><counter type="LINE" missed="16" covered="0"/><counter type="COMPLEXITY" missed="8" covered="0"/><counter type="METHOD" missed="8" covered="0"/><counter type="CLASS" missed="2" covered="0"/></package><package name="org/apache/fulcrum/json/jackson"><class name="org/apache/fulcrum/json/jackson/CacheService" sourcefilename="CacheService.java"><method name="&lt;init&gt;" desc="(Lcom/fasterxml/jackson/databind/AnnotationIntrospector;)V" line="37"><counter type="INSTRUCTION" missed="0" covered="11"/><counter type="LINE" missed="0" covered="4"/><counter type="COMPLEXITY" missed="0" covered="1"/><counter type="METHOD" missed="0" covered="1"/></method><method name="removeFilter" desc="(Ljava/lang/Class;Ljava/lang/Boolean;)V" line="46"><counter type="INSTRUCTION" missed="1" covered="42"/><counter type="BRANCH" missed="2" covered="2"/><counter type="LINE" missed="1" covered="9"/><counter type="COMPLEXITY" missed="2" covered="1"/><counter type="METHOD" missed="0" covered="1"/></method><method name="removeCustomIntrospectorWithExternalFilterId" desc="(Ljava/lang/Class;Ljava/lang/Boolean;)V" line="60"><counter type="INSTRUCTION" missed="5" covered="15"/><counter type="BRANCH" missed="3" covered="3"/><counter type="LINE" missed="2" covered="5"/><counter type="COMPLEXITY" missed="3" covered="1"/><counter type="METHOD" missed="0" covered="1"/></method><method name="cleanSerializerCache" desc="(Lcom/fasterxml/jackson/databind/ObjectMapper;)V" line="71"><counter type="INSTRUCTION" missed="0" covered="16"/><counter type="BRANCH" missed="2" covered="2"/><counter type="LINE" missed="0" covered="7"/><counter type="COMPLEXITY" missed="2" covered="1"/><counter type="METHOD" missed="0" covered="1"/></method><method name="getFilters" desc="()Ljava/util/Map;" line="85"><counter type="INSTRUCTION" missed="0" covered="3"/><counter type="LINE" missed="0" covered="1"/><counter type="COMPLEXITY" missed="0" covered="1"/><counter type="METHOD" missed="0" covered="1"/></method><method name="setFilters" desc="(Ljava/util/Map;)V" line="89"><counter type="INSTRUCTION" missed="4" covered="0"/><counter type="LINE" missed="2" covered="0"/><counter type="COMPLEXITY" missed="1" covered="0"/><counter type="METHOD" missed="1" covered="0"/></method><method name="enableLogging" desc="(Lorg/apache/avalon/framework/logger/Logger;)V" line="94"><counter type="INSTRUCTION" missed="0" covered="3"/><counter type="LINE" missed="0" covered="2"/><counter type="COMPLEXITY" missed="0" covered="1"/><counter type="METHOD" missed="0" covered="1"/></method><counter type="INSTRUCTION" missed="10" covered="90"/><counter type="BRANCH" missed="7" covered="7"/><counter type="LINE" missed="5" covered="28"/><counter type="COMPLEXITY" missed="8" covered="6"/><counter type="METHOD" missed="1" covered="6"/><counter type="CLASS" missed="0" covered="1"/></class><class name="org/apache/fulcrum/json/jackson/Jackson2MapperService$2" sourcefilename="Jackson2MapperService.java"><method name="&lt;init&gt;" desc="()V" line="861"><counter type="INSTRUCTION" missed="0" covered="24"/><counter type="LINE" missed="0" covered="8"/><counter type="COMPLEXITY" missed="0" covered="1"/><counter type="METHOD" missed="0" covered="1"/></method><method name="getEscapeCodesForAscii" desc="()[I" line="877"><counter type="INSTRUCTION" missed="0" covered="3"/><counter type="LINE" missed="0" covered="1"/><counter type="COMPLEXITY" missed="0" covered="1"/><counter type="METHOD" missed="0" covered="1"/></method><method name="getEscapeSequence" desc="(I)Lcom/fasterxml/jackson/core/SerializableString;" line="885"><counter type="INSTRUCTION" missed="2" covered="0"/><counter type="LINE" missed="1" covered="0"/><counter type="COMPLEXITY" missed="1" covered="0"/><counter type="METHOD" missed="1" covered="0"/></method><counter type="INSTRUCTION" missed="2" covered="27"/><counter type="LINE" missed="1" covered="9"/><counter type="COMPLEXITY" missed="1" covered="2"/><counter type="METHOD" missed="1" covered="2"/><counter type="CLASS" missed="0" covered="1"/></class><class name="org/apache/fulcrum/json/jackson/Jackson2MapperService$1" sourcefilename="Jackson2MapperService.java"><method name="&lt;init&gt;" desc="(Lorg/apache/fulcrum/json/jackson/Jackson2MapperService;)V" line="683"><counter type="INSTRUCTION" missed="0" covered="6"/><counter type="LINE" missed="0" covered="1"/><counter type="COMPLEXITY" missed="0" covered="1"/><counter type="METHOD" missed="0" covered="1"/></method><method name="serialize" desc="(Ljava/lang/Object;Lcom/fasterxml/jackson/core/JsonGenerator;Lcom/fasterxml/jackson/databind/SerializerProvider;)V" line="686"><counter type="INSTRUCTION" missed="4" covered="0"/><counter type="LINE" missed="2" covered="0"/><counter type="COMPLEXITY" missed="1" covered="0"/><counter type="METHOD" missed="1" covered="0"/></method><counter type="INSTRUCTION" missed="4" covered="6"/><counter type="LINE" missed="2" covered="1"/><counter type="COMPLEXITY" missed="1" covered="1"/><counter type="METHOD" missed="1" covered="1"/><counter type="CLASS" missed="0" covered="1"/></class><class name="org/apache/fulcrum/json/jackson/CustomModule" sourcefilename="CustomModule.java"><method name="&lt;init&gt;" desc="(Ljava/lang/String;Ljava/lang/Class;Lcom/fasterxml/jackson/databind/ser/std/StdSerializer;Lcom/fasterxml/jackson/databind/deser/std/StdDeserializer;)V" line="40"><counter type="INSTRUCTION" missed="15" covered="0"/><counter type="LINE" missed="4" covered="0"/><counter type="COMPLEXITY" missed="1" covered="0"/><counter type="METHOD" missed="1" covered="0"/></method><counter type="INSTRUCTION" missed="15" covered="0"/><counter type="LINE" missed="4" covered="0"/><counter type="COMPLEXITY" missed="1" covered="0"/><counter type="METHOD" missed="1" covered="0"/><counter type="CLASS" missed="1" covered="0"/></class><class name="org/apache/fulcrum/json/jackson/Jackson2MapperService" sourcefilename="Jackson2MapperService.java"><method name="&lt;init&gt;" desc="()V" line="91"><counter type="INSTRUCTION" missed="0" covered="27"/><counter type="LINE" missed="0" covered="9"/><counter type="COMPLEXITY" missed="0" covered="1"/><counter type="METHOD" missed="0" covered="1"/></method><method name="ser" desc="(Ljava/lang/Object;)Ljava/lang/String;" line="129"><counter type="INSTRUCTION" missed="6" covered="0"/><counter type="LINE" missed="1" covered="0"/><counter type="COMPLEXITY" missed="1" covered="0"/><counter type="METHOD" missed="1" covered="0"/></method><method name="ser" desc="(Ljava/lang/Object;Ljava/lang/Class;)Ljava/lang/String;" line="134"><counter type="INSTRUCTION" missed="7" covered="0"/><counter type="LINE" missed="1" covered="0"/><counter type="COMPLEXITY" missed="1" covered="0"/><counter type="METHOD" missed="1" covered="0"/></method><method name="ser" desc="(Ljava/lang/Object;Lcom/fasterxml/jackson/databind/ser/FilterProvider;)Ljava/lang/String;" line="138"><counter type="INSTRUCTION" missed="7" covered="0"/><counter type="LINE" missed="1" covered="0"/><counter type="COMPLEXITY" missed="1" covered="0"/><counter type="METHOD" missed="1" covered="0"/></method><method name="ser" desc="(Ljava/lang/Object;Lcom/fasterxml/jackson/databind/ser/FilterProvider;Ljava/lang/Boolean;)Ljava/lang/String;" line="150"><counter type="INSTRUCTION" missed="24" covered="74"/><counter type="BRANCH" missed="4" covered="4"/><counter type="LINE" missed="4" covered="13"/><counter type="COMPLEXITY" missed="4" covered="1"/><counter type="METHOD" missed="0" covered="1"/></method><method name="deSer" desc="(Ljava/lang/String;Ljava/lang/Class;)Ljava/lang/Object;" line="176"><counter type="INSTRUCTION" missed="18" covered="0"/><counter type="BRANCH" missed="2" covered="0"/><counter type="LINE" missed="5" covered="0"/><counter type="COMPLEXITY" missed="2" covered="0"/><counter type="METHOD" missed="1" covered="0"/></method><method name="deSer" desc="(Ljava/lang/Object;Ljava/lang/Class;)Ljava/lang/Object;" line="193"><counter type="INSTRUCTION" missed="6" covered="0"/><counter type="LINE" missed="1" covered="0"/><counter type="COMPLEXITY" missed="1" covered="0"/><counter type="METHOD" missed="1" covered="0"/></method><method name="addAdapter" desc="(Ljava/lang/String;Ljava/lang/Class;Ljava/lang/Object;)Lorg/apache/fulcrum/json/JsonService;" line="211"><counter type="INSTRUCTION" missed="72" covered="0"/><counter type="BRANCH" missed="4" covered="0"/><counter type="LINE" missed="11" covered="0"/><counter type="COMPLEXITY" missed="3" covered="0"/><counter type="METHOD" missed="1" covered="0"/></method><method name="showMixinForClass" desc="(Ljava/lang/Class;)Ljava/lang/Class;" line="228"><counter type="INSTRUCTION" missed="22" covered="0"/><counter type="LINE" missed="3" covered="0"/><counter type="COMPLEXITY" missed="1" covered="0"/><counter type="METHOD" missed="1" covered="0"/></method><method name="deSerList" desc="(Ljava/lang/String;Ljava/lang/Class;Ljava/lang/Class;)Ljava/util/List;" line="234"><counter type="INSTRUCTION" missed="17" covered="0"/><counter type="LINE" missed="1" covered="0"/><counter type="COMPLEXITY" missed="1" covered="0"/><counter type="METHOD" missed="1" covered="0"/></method><method name="deSerMap" desc="(Ljava/lang/String;Ljava/lang/Class;Ljava/lang/Class;Ljava/lang/Class;)Ljava/util/Map;" line="239"><counter type="INSTRUCTION" missed="13" covered="0"/><counter type="LINE" missed="1" covered="0"/><counter type="COMPLEXITY" missed="1" covered="0"/><counter type="METHOD" missed="1" covered="0"/></method><method name="deSerCollectionWithTypeReference" desc="(Ljava/lang/String;Lcom/fasterxml/jackson/core/type/TypeReference;)Ljava/util/Collection;" line="244"><counter type="INSTRUCTION" missed="7" covered="0"/><counter type="LINE" missed="1" covered="0"/><counter type="COMPLEXITY" missed="1" covered="0"/><counter type="METHOD" missed="1" covered="0"/></method><method name="deSerCollectionWithType" desc="(Ljava/lang/String;Ljava/lang/Class;Ljava/lang/Class;)Ljava/util/Collection;" line="249"><counter type="INSTRUCTION" missed="12" covered="0"/><counter type="LINE" missed="1" covered="0"/><counter type="COMPLEXITY" missed="1" covered="0"/><counter type="METHOD" missed="1" covered="0"/></method><method name="deSerCollection" desc="(Ljava/lang/String;Ljava/lang/Object;Ljava/lang/Class;)Ljava/util/Collection;" line="255"><counter type="INSTRUCTION" missed="23" covered="0"/><counter type="BRANCH" missed="2" covered="0"/><counter type="LINE" missed="4" covered="0"/><counter type="COMPLEXITY" missed="2" covered="0"/><counter type="METHOD" missed="1" covered="0"/></method><method name="serCollectionWithTypeReference" desc="(Ljava/util/Collection;Lcom/fasterxml/jackson/core/type/TypeReference;Ljava/lang/Boolean;)Ljava/lang/String;" line="273"><counter type="INSTRUCTION" missed="17" covered="0"/><counter type="BRANCH" missed="2" covered="0"/><counter type="LINE" missed="4" covered="0"/><counter type="COMPLEXITY" missed="2" covered="0"/><counter type="METHOD" missed="1" covered="0"/></method><method name="addAdapter" desc="(Ljava/lang/String;Ljava/lang/Class;Ljava/lang/Class;)Lorg/apache/fulcrum/json/JsonService;" line="290"><counter type="INSTRUCTION" missed="27" covered="0"/><counter type="LINE" missed="3" covered="0"/><counter type="COMPLEXITY" missed="1" covered="0"/><counter type="METHOD" missed="1" covered="0"/></method><method name="withMixinModule" desc="(Ljava/lang/Object;Ljava/lang/String;Ljava/lang/Class;Ljava/lang/Class;)Ljava/lang/String;" line="309"><counter type="INSTRUCTION" missed="30" covered="0"/><counter type="LINE" missed="3" covered="0"/><counter type="COMPLEXITY" missed="1" covered="0"/><counter type="METHOD" missed="1" covered="0"/></method><method name="withSetMixins" desc="(Ljava/lang/Object;Ljava/lang/Class;Ljava/lang/Class;)Ljava/lang/String;" line="326"><counter type="INSTRUCTION" missed="8" covered="0"/><counter type="LINE" missed="1" covered="0"/><counter type="COMPLEXITY" missed="1" covered="0"/><counter type="METHOD" missed="1" covered="0"/></method><method name="setMixins" desc="(Ljava/lang/Class;Ljava/lang/Class;)Lcom/fasterxml/jackson/databind/ObjectMapper;" line="336"><counter type="INSTRUCTION" missed="34" covered="0"/><counter type="BRANCH" missed="2" covered="0"/><counter type="LINE" missed="6" covered="0"/><counter type="COMPLEXITY" missed="2" covered="0"/><counter type="METHOD" missed="1" covered="0"/></method><method name="serializeAllExceptFilter" desc="(Ljava/lang/Object;[Ljava/lang/String;)Ljava/lang/String;" line="347"><counter type="INSTRUCTION" missed="9" covered="0"/><counter type="LINE" missed="1" covered="0"/><counter type="COMPLEXITY" missed="1" covered="0"/><counter type="METHOD" missed="1" covered="0"/></method><method name="serializeAllExceptFilter" desc="(Ljava/lang/Object;Ljava/lang/Boolean;[Ljava/lang/String;)Ljava/lang/String;" line="353"><counter type="INSTRUCTION" missed="8" covered="0"/><counter type="LINE" missed="1" covered="0"/><counter type="COMPLEXITY" missed="1" covered="0"/><counter type="METHOD" missed="1" covered="0"/></method><method name="serializeAllExceptFilter" desc="(Ljava/lang/Object;[Ljava/lang/Class;[Ljava/lang/String;)Ljava/lang/String;" line="358"><counter type="INSTRUCTION" missed="8" covered="0"/><counter type="LINE" missed="1" covered="0"/><counter type="COMPLEXITY" missed="1" covered="0"/><counter type="METHOD" missed="1" covered="0"/></method><method name="serializeAllExceptFilter" desc="(Ljava/lang/Object;Ljava/lang/Class;[Ljava/lang/String;)Ljava/lang/String;" line="364"><counter type="INSTRUCTION" missed="8" covered="0"/><counter type="LINE" missed="1" covered="0"/><counter type="COMPLEXITY" missed="1" covered="0"/><counter type="METHOD" missed="1" covered="0"/></method><method name="serializeAllExceptFilter" desc="(Ljava/lang/Object;Ljava/lang/Class;Ljava/lang/Boolean;[Ljava/lang/String;)Ljava/lang/String;" line="370"><counter type="INSTRUCTION" missed="12" covered="0"/><counter type="LINE" missed="1" covered="0"/><counter type="COMPLEXITY" missed="1" covered="0"/><counter type="METHOD" missed="1" covered="0"/></method><method name="serializeAllExceptFilter" desc="(Ljava/lang/Object;[Ljava/lang/Class;Ljava/lang/Boolean;[Ljava/lang/String;)Ljava/lang/String;" line="386"><counter type="INSTRUCTION" missed="30" covered="0"/><counter type="BRANCH" missed="4" covered="0"/><counter type="LINE" missed="6" covered="0"/><counter type="COMPLEXITY" missed="3" covered="0"/><counter type="METHOD" missed="1" covered="0"/></method><method name="serializeOnlyFilter" desc="(Ljava/lang/Object;[Ljava/lang/String;)Ljava/lang/String;" line="400"><counter type="INSTRUCTION" missed="9" covered="0"/><counter type="LINE" missed="1" covered="0"/><counter type="COMPLEXITY" missed="1" covered="0"/><counter type="METHOD" missed="1" covered="0"/></method><method name="serializeOnlyFilter" desc="(Ljava/lang/Object;Ljava/lang/Boolean;[Ljava/lang/String;)Ljava/lang/String;" line="405"><counter type="INSTRUCTION" missed="8" covered="0"/><counter type="LINE" missed="1" covered="0"/><counter type="COMPLEXITY" missed="1" covered="0"/><counter type="METHOD" missed="1" covered="0"/></method><method name="serializeOnlyFilter" desc="(Ljava/lang/Object;Ljava/lang/Class;[Ljava/lang/String;)Ljava/lang/String;" line="411"><counter type="INSTRUCTION" missed="8" covered="0"/><counter type="LINE" missed="1" covered="0"/><counter type="COMPLEXITY" missed="1" covered="0"/><counter type="METHOD" missed="1" covered="0"/></method><method name="serializeOnlyFilter" desc="(Ljava/lang/Object;Ljava/lang/Class;Ljava/lang/Boolean;[Ljava/lang/String;)Ljava/lang/String;" line="417"><counter type="INSTRUCTION" missed="0" covered="12"/><counter type="LINE" missed="0" covered="1"/><counter type="COMPLEXITY" missed="0" covered="1"/><counter type="METHOD" missed="0" covered="1"/></method><method name="serializeOnlyFilter" desc="(Ljava/lang/Object;[Ljava/lang/Class;Ljava/lang/Boolean;[Ljava/lang/String;)Ljava/lang/String;" line="422"><counter type="INSTRUCTION" missed="17" covered="39"/><counter type="BRANCH" missed="4" covered="4"/><counter type="LINE" missed="3" covered="6"/><counter type="COMPLEXITY" missed="4" covered="1"/><counter type="METHOD" missed="0" covered="1"/></method><method name="ser" desc="(Ljava/lang/Object;Ljava/lang/Boolean;)Ljava/lang/String;" line="437"><counter type="INSTRUCTION" missed="58" covered="0"/><counter type="BRANCH" missed="8" covered="0"/><counter type="LINE" missed="10" covered="0"/><counter type="COMPLEXITY" missed="5" covered="0"/><counter type="METHOD" missed="1" covered="0"/></method><method name="ser" desc="(Ljava/lang/Object;Ljava/lang/Class;Ljava/lang/Boolean;)Ljava/lang/String;" line="453"><counter type="INSTRUCTION" missed="79" covered="0"/><counter type="BRANCH" missed="10" covered="0"/><counter type="LINE" missed="12" covered="0"/><counter type="COMPLEXITY" missed="6" covered="0"/><counter type="METHOD" missed="1" covered="0"/></method><method name="filter" desc="(Ljava/lang/Object;[Ljava/lang/Class;[Ljava/lang/Class;Lcom/fasterxml/jackson/databind/ser/PropertyFilter;Ljava/lang/Boolean;)Ljava/lang/String;" line="493"><counter type="INSTRUCTION" missed="2" covered="53"/><counter type="BRANCH" missed="5" covered="5"/><counter type="LINE" missed="0" covered="10"/><counter type="COMPLEXITY" missed="5" covered="1"/><counter type="METHOD" missed="0" covered="1"/></method><method name="retrieveFilter" desc="(Lcom/fasterxml/jackson/databind/ser/PropertyFilter;Ljava/lang/Class;[Ljava/lang/Class;)Lcom/fasterxml/jackson/databind/ser/impl/SimpleFilterProvider;" line="510"><counter type="INSTRUCTION" missed="8" covered="62"/><counter type="BRANCH" missed="4" covered="4"/><counter type="LINE" missed="1" covered="12"/><counter type="COMPLEXITY" missed="4" covered="1"/><counter type="METHOD" missed="0" covered="1"/></method><method name="setCustomIntrospectorWithExternalFilterId" desc="(Ljava/lang/Class;[Ljava/lang/Class;)V" line="544"><counter type="INSTRUCTION" missed="37" covered="17"/><counter type="BRANCH" missed="4" covered="2"/><counter type="LINE" missed="4" covered="4"/><counter type="COMPLEXITY" missed="3" covered="1"/><counter type="METHOD" missed="0" covered="1"/></method><method name="registerModule" desc="(Lcom/fasterxml/jackson/databind/Module;)Lorg/apache/fulcrum/json/jackson/Jackson2MapperService;" line="558"><counter type="INSTRUCTION" missed="7" covered="0"/><counter type="LINE" missed="2" covered="0"/><counter type="COMPLEXITY" missed="1" covered="0"/><counter type="METHOD" missed="1" covered="0"/></method><method name="addSimpleModule" desc="(Lcom/fasterxml/jackson/databind/module/SimpleModule;Ljava/lang/Class;Lcom/fasterxml/jackson/databind/JsonSerializer;)V" line="563"><counter type="INSTRUCTION" missed="6" covered="0"/><counter type="LINE" missed="2" covered="0"/><counter type="COMPLEXITY" missed="1" covered="0"/><counter type="METHOD" missed="1" covered="0"/></method><method name="addSimpleModule" desc="(Lcom/fasterxml/jackson/databind/module/SimpleModule;Ljava/lang/Class;Lcom/fasterxml/jackson/databind/JsonDeserializer;)V" line="567"><counter type="INSTRUCTION" missed="6" covered="0"/><counter type="LINE" missed="2" covered="0"/><counter type="COMPLEXITY" missed="1" covered="0"/><counter type="METHOD" missed="1" covered="0"/></method><method name="setDateFormat" desc="(Ljava/text/DateFormat;)V" line="575"><counter type="INSTRUCTION" missed="6" covered="0"/><counter type="LINE" missed="2" covered="0"/><counter type="COMPLEXITY" missed="1" covered="0"/><counter type="METHOD" missed="1" covered="0"/></method><method name="configure" desc="(Lorg/apache/avalon/framework/configuration/Configuration;)V" line="583"><counter type="INSTRUCTION" missed="24" covered="86"/><counter type="BRANCH" missed="6" covered="6"/><counter type="LINE" missed="4" covered="21"/><counter type="COMPLEXITY" missed="6" covered="1"/><counter type="METHOD" missed="0" covered="1"/></method><method name="initialize" desc="()V" line="653"><counter type="INSTRUCTION" missed="54" covered="142"/><counter type="BRANCH" missed="5" covered="5"/><counter type="LINE" missed="7" covered="23"/><counter type="COMPLEXITY" missed="5" covered="1"/><counter type="METHOD" missed="0" covered="1"/></method><method name="initDefaultTyping" desc="()V" line="711"><counter type="INSTRUCTION" missed="41" covered="4"/><counter type="BRANCH" missed="3" covered="1"/><counter type="LINE" missed="3" covered="2"/><counter type="COMPLEXITY" missed="2" covered="1"/><counter type="METHOD" missed="0" covered="1"/></method><method name="initFeatures" desc="()V" line="719"><counter type="INSTRUCTION" missed="0" covered="15"/><counter type="BRANCH" missed="2" covered="2"/><counter type="LINE" missed="0" covered="3"/><counter type="COMPLEXITY" missed="2" covered="1"/><counter type="METHOD" missed="0" covered="1"/></method><method name="initAnnotationInspectors" desc="()V" line="779"><counter type="INSTRUCTION" missed="91" covered="115"/><counter type="BRANCH" missed="8" covered="12"/><counter type="LINE" missed="10" covered="20"/><counter type="COMPLEXITY" missed="8" covered="3"/><counter type="METHOD" missed="0" covered="1"/></method><method name="loadClass" desc="(Ljava/lang/String;)Ljava/lang/Class;" line="826"><counter type="INSTRUCTION" missed="6" covered="13"/><counter type="BRANCH" missed="1" covered="1"/><counter type="LINE" missed="3" covered="4"/><counter type="COMPLEXITY" missed="1" covered="1"/><counter type="METHOD" missed="0" covered="1"/></method><method name="getMapper" desc="()Lcom/fasterxml/jackson/databind/ObjectMapper;" line="844"><counter type="INSTRUCTION" missed="0" covered="3"/><counter type="LINE" missed="0" covered="1"/><counter type="COMPLEXITY" missed="0" covered="1"/><counter type="METHOD" missed="0" covered="1"/></method><method name="setMapper" desc="(Lcom/fasterxml/jackson/databind/ObjectMapper;)V" line="848"><counter type="INSTRUCTION" missed="4" covered="0"/><counter type="LINE" missed="2" covered="0"/><counter type="COMPLEXITY" missed="1" covered="0"/><counter type="METHOD" missed="1" covered="0"/></method><method name="isCacheFilters" desc="()Z" line="852"><counter type="INSTRUCTION" missed="0" covered="3"/><counter type="LINE" missed="0" covered="1"/><counter type="COMPLEXITY" missed="0" covered="1"/><counter type="METHOD" missed="0" covered="1"/></method><method name="setCacheFilters" desc="(Z)V" line="856"><counter type="INSTRUCTION" missed="12" covered="0"/><counter type="BRANCH" missed="2" covered="0"/><counter type="LINE" missed="4" covered="0"/><counter type="COMPLEXITY" missed="2" covered="0"/><counter type="METHOD" missed="1" covered="0"/></method><method name="lambda$initFeatures$2" desc="(Ljava/util/Map$Entry;)V" line="721"><counter type="INSTRUCTION" missed="81" covered="243"/><counter type="BRANCH" missed="13" covered="17"/><counter type="LINE" missed="8" covered="39"/><counter type="COMPLEXITY" missed="12" covered="4"/><counter type="METHOD" missed="0" covered="1"/></method><method name="lambda$configure$1" desc="(Lorg/apache/avalon/framework/configuration/Configuration;)V" line="592"><counter type="INSTRUCTION" missed="6" covered="61"/><counter type="BRANCH" missed="0" covered="2"/><counter type="LINE" missed="2" covered="11"/><counter type="COMPLEXITY" missed="0" covered="2"/><counter type="METHOD" missed="0" covered="1"/></method><method name="lambda$configure$0" desc="(Lorg/apache/avalon/framework/configuration/Configuration;)V" line="598"><counter type="INSTRUCTION" missed="6" covered="46"/><counter type="LINE" missed="2" covered="10"/><counter type="COMPLEXITY" missed="0" covered="1"/><counter type="METHOD" missed="0" covered="1"/></method><method name="&lt;clinit&gt;" desc="()V" line="91"><counter type="INSTRUCTION" missed="2" covered="10"/><counter type="BRANCH" missed="1" covered="1"/><counter type="LINE" missed="0" covered="2"/><counter type="COMPLEXITY" missed="1" covered="1"/><counter type="METHOD" missed="0" covered="1"/></method><counter type="INSTRUCTION" missed="1003" covered="1025"/><counter type="BRANCH" missed="96" covered="66"/><counter type="LINE" missed="149" covered="191"/><counter type="COMPLEXITY" missed="109" covered="25"/><counter type="METHOD" missed="34" covered="19"/><counter type="CLASS" missed="0" covered="1"/></class><class name="org/apache/fulcrum/json/jackson/MixinModule" sourcefilename="MixinModule.java"><method name="&lt;init&gt;" desc="(Ljava/lang/String;Ljava/lang/Class;Ljava/lang/Class;)V" line="33"><counter type="INSTRUCTION" missed="11" covered="0"/><counter type="LINE" missed="4" covered="0"/><counter type="COMPLEXITY" missed="1" covered="0"/><counter type="METHOD" missed="1" covered="0"/></method><method name="setupModule" desc="(Lcom/fasterxml/jackson/databind/Module$SetupContext;)V" line="40"><counter type="INSTRUCTION" missed="7" covered="0"/><counter type="LINE" missed="2" covered="0"/><counter type="COMPLEXITY" missed="1" covered="0"/><counter type="METHOD" missed="1" covered="0"/></method><counter type="INSTRUCTION" missed="18" covered="0"/><counter type="LINE" missed="6" covered="0"/><counter type="COMPLEXITY" missed="2" covered="0"/><counter type="METHOD" missed="2" covered="0"/><counter type="CLASS" missed="1" covered="0"/></class><class name="org/apache/fulcrum/json/jackson/SimpleNameIntrospector" sourcefilename="SimpleNameIntrospector.java"><method name="&lt;init&gt;" desc="()V" line="45"><counter type="INSTRUCTION" missed="0" covered="24"/><counter type="LINE" missed="0" covered="5"/><counter type="COMPLEXITY" missed="0" covered="1"/><counter type="METHOD" missed="0" covered="1"/></method><method name="isIgnorableType" desc="(Lcom/fasterxml/jackson/databind/introspect/AnnotatedClass;)Ljava/lang/Boolean;" line="65"><counter type="INSTRUCTION" missed="32" covered="15"/><counter type="BRANCH" missed="11" covered="3"/><counter type="LINE" missed="8" covered="5"/><counter type="COMPLEXITY" missed="7" covered="1"/><counter type="METHOD" missed="0" covered="1"/></method><method name="findFilterId" desc="(Lcom/fasterxml/jackson/databind/introspect/Annotated;)Ljava/lang/Object;" line="94"><counter type="INSTRUCTION" missed="54" covered="36"/><counter type="BRANCH" missed="9" covered="3"/><counter type="LINE" missed="10" covered="9"/><counter type="COMPLEXITY" missed="6" covered="1"/><counter type="METHOD" missed="0" covered="1"/></method><method name="getFilteredClasses" desc="()Ljava/util/List;" line="128"><counter type="INSTRUCTION" missed="3" covered="0"/><counter type="LINE" missed="1" covered="0"/><counter type="COMPLEXITY" missed="1" covered="0"/><counter type="METHOD" missed="1" covered="0"/></method><method name="setFilteredClass" desc="(Ljava/lang/Class;)V" line="132"><counter type="INSTRUCTION" missed="11" covered="0"/><counter type="BRANCH" missed="2" covered="0"/><counter type="LINE" missed="3" covered="0"/><counter type="COMPLEXITY" missed="2" covered="0"/><counter type="METHOD" missed="1" covered="0"/></method><method name="setFilteredClasses" desc="([Ljava/lang/Class;)V" line="139"><counter type="INSTRUCTION" missed="0" covered="23"/><counter type="BRANCH" missed="0" covered="4"/><counter type="LINE" missed="0" covered="4"/><counter type="COMPLEXITY" missed="0" covered="3"/><counter type="METHOD" missed="0" covered="1"/></method><method name="removeFilteredClass" desc="(Ljava/lang/Class;)V" line="153"><counter type="INSTRUCTION" missed="0" covered="11"/><counter type="BRANCH" missed="1" covered="1"/><counter type="LINE" missed="0" covered="3"/><counter type="COMPLEXITY" missed="1" covered="1"/><counter type="METHOD" missed="0" covered="1"/></method><method name="setExternalFilterExcludeClasses" desc="([Ljava/lang/Class;)V" line="160"><counter type="INSTRUCTION" missed="25" covered="0"/><counter type="BRANCH" missed="4" covered="0"/><counter type="LINE" missed="4" covered="0"/><counter type="COMPLEXITY" missed="3" covered="0"/><counter type="METHOD" missed="1" covered="0"/></method><method name="removeExternalFilterExcludeClass" desc="(Ljava/lang/Class;)V" line="169"><counter type="INSTRUCTION" missed="13" covered="0"/><counter type="BRANCH" missed="2" covered="0"/><counter type="LINE" missed="3" covered="0"/><counter type="COMPLEXITY" missed="2" covered="0"/><counter type="METHOD" missed="1" covered="0"/></method><method name="setExternalFilterIncludeClasses" desc="([Ljava/lang/Class;)V" line="176"><counter type="INSTRUCTION" missed="25" covered="0"/><counter type="BRANCH" missed="4" covered="0"/><counter type="LINE" missed="4" covered="0"/><counter type="COMPLEXITY" missed="3" covered="0"/><counter type="METHOD" missed="1" covered="0"/></method><method name="removeExternalFilterIncludeClasses" desc="(Ljava/lang/Class;)V" line="185"><counter type="INSTRUCTION" missed="13" covered="0"/><counter type="BRANCH" missed="2" covered="0"/><counter type="LINE" missed="3" covered="0"/><counter type="COMPLEXITY" missed="2" covered="0"/><counter type="METHOD" missed="1" covered="0"/></method><method name="getIsExludeType" desc="()Z" line="191"><counter type="INSTRUCTION" missed="0" covered="4"/><counter type="LINE" missed="0" covered="1"/><counter type="COMPLEXITY" missed="0" covered="1"/><counter type="METHOD" missed="0" covered="1"/></method><method name="setIsExludeType" desc="(Z)V" line="194"><counter type="INSTRUCTION" missed="6" covered="0"/><counter type="LINE" missed="2" covered="0"/><counter type="COMPLEXITY" missed="1" covered="0"/><counter type="METHOD" missed="1" covered="0"/></method><method name="enableLogging" desc="(Lorg/apache/avalon/framework/logger/Logger;)V" line="198"><counter type="INSTRUCTION" missed="0" covered="3"/><counter type="LINE" missed="0" covered="2"/><counter type="COMPLEXITY" missed="0" covered="1"/><counter type="METHOD" missed="0" covered="1"/></method><counter type="INSTRUCTION" missed="182" covered="116"/><counter type="BRANCH" missed="35" covered="11"/><counter type="LINE" missed="38" covered="29"/><counter type="COMPLEXITY" missed="28" covered="9"/><counter type="METHOD" missed="7" covered="7"/><counter type="CLASS" missed="0" covered="1"/></class><sourcefile name="CacheService.java"><line nr="37" mi="0" ci="5" mb="0" cb="0"/><line nr="41" mi="0" ci="2" mb="0" cb="0"/><line nr="42" mi="0" ci="3" mb="0" cb="0"/><line nr="43" mi="0" ci="1" mb="0" cb="0"/><line nr="46" mi="0" ci="2" mb="1" cb="1"/><line nr="47" mi="1" ci="0" mb="0" cb="0"/><line nr="48" mi="0" ci="6" mb="1" cb="1"/><line nr="49" mi="0" ci="11" mb="0" cb="0"/><line nr="50" mi="0" ci="4" mb="0" cb="0"/><line nr="51" mi="0" ci="3" mb="0" cb="0"/><line nr="52" mi="0" ci="4" mb="0" cb="0"/><line nr="53" mi="0" ci="5" mb="0" cb="0"/><line nr="54" mi="0" ci="6" mb="0" cb="0"/><line nr="56" mi="0" ci="1" mb="0" cb="0"/><line nr="60" mi="0" ci="6" mb="2" cb="2"/><line nr="61" mi="0" ci="4" mb="0" cb="0"/><line nr="62" mi="0" ci="1" mb="0" cb="0"/><line nr="63" mi="0" ci="3" mb="1" cb="1"/><line nr="64" mi="4" ci="0" mb="0" cb="0"/><line nr="65" mi="1" ci="0" mb="0" cb="0"/><line nr="68" mi="0" ci="1" mb="0" cb="0"/><line nr="71" mi="0" ci="4" mb="1" cb="1"/><line nr="72" mi="0" ci="1" mb="0" cb="0"/><line nr="73" mi="0" ci="4" mb="0" cb="0"/><line nr="74" mi="0" ci="2" mb="1" cb="1"/><line nr="78" mi="0" ci="3" mb="0" cb="0"/><line nr="79" mi="0" ci="1" mb="0" cb="0"/><line nr="82" mi="0" ci="1" mb="0" cb="0"/><line nr="85" mi="0" ci="3" mb="0" cb="0"/><line nr="89" mi="3" ci="0" mb="0" cb="0"/><line nr="90" mi="1" ci="0" mb="0" cb="0"/><line nr="94" mi="0" ci="2" mb="0" cb="0"/><line nr="95" mi="0" ci="1" mb="0" cb="0"/><counter type="INSTRUCTION" missed="10" covered="90"/><counter type="BRANCH" missed="7" covered="7"/><counter type="LINE" missed="5" covered="28"/><counter type="COMPLEXITY" missed="8" covered="6"/><counter type="METHOD" missed="1" covered="6"/><counter type="CLASS" missed="0" covered="1"/></sourcefile><sourcefile name="SimpleNameIntrospector.java"><line nr="45" mi="0" ci="2" mb="0" cb="0"/><line nr="51" mi="0" ci="5" mb="0" cb="0"/><line nr="52" mi="0" ci="5" mb="0" cb="0"/><line nr="53" mi="0" ci="5" mb="0" cb="0"/><line nr="55" mi="0" ci="7" mb="0" cb="0"/><line nr="65" mi="0" ci="4" mb="0" cb="0"/><line nr="66" mi="3" ci="2" mb="3" cb="1"/><line nr="67" mi="0" ci="3" mb="1" cb="1"/><line nr="68" mi="7" ci="0" mb="2" cb="0"/><line nr="69" mi="3" ci="0" mb="2" cb="0"/><line nr="70" mi="4" ci="0" mb="0" cb="0"/><line nr="74" mi="3" ci="4" mb="1" cb="1"/><line nr="75" mi="3" ci="0" mb="2" cb="0"/><line nr="77" mi="4" ci="0" mb="0" cb="0"/><line nr="78" mi="3" ci="0" mb="0" cb="0"/><line nr="79" mi="1" ci="0" mb="0" cb="0"/><line nr="81" mi="1" ci="0" mb="0" cb="0"/><line nr="85" mi="0" ci="2" mb="0" cb="0"/><line nr="94" mi="0" ci="4" mb="0" cb="0"/><line nr="98" mi="0" ci="2" mb="1" cb="1"/><line nr="99" mi="0" ci="3" mb="0" cb="0"/><line nr="100" mi="0" ci="3" mb="0" cb="0"/><line nr="101" mi="0" ci="7" mb="1" cb="1"/><line nr="102" mi="0" ci="2" mb="1" cb="1"/><line nr="104" mi="0" ci="10" mb="0" cb="0"/><line nr="105" mi="0" ci="3" mb="0" cb="0"/><line nr="108" mi="11" ci="0" mb="2" cb="0"/><line nr="110" mi="4" ci="0" mb="2" cb="0"/><line nr="111" mi="14" ci="0" mb="0" cb="0"/><line nr="112" mi="2" ci="0" mb="0" cb="0"/><line nr="113" mi="1" ci="0" mb="0" cb="0"/><line nr="116" mi="4" ci="0" mb="2" cb="0"/><line nr="117" mi="14" ci="0" mb="0" cb="0"/><line nr="118" mi="2" ci="0" mb="0" cb="0"/><line nr="119" mi="1" ci="0" mb="0" cb="0"/><line nr="121" mi="1" ci="0" mb="0" cb="0"/><line nr="124" mi="0" ci="2" mb="0" cb="0"/><line nr="128" mi="3" ci="0" mb="0" cb="0"/><line nr="132" mi="5" ci="0" mb="2" cb="0"/><line nr="133" mi="5" ci="0" mb="0" cb="0"/><line nr="135" mi="1" ci="0" mb="0" cb="0"/><line nr="139" mi="0" ci="8" mb="0" cb="2"/><line nr="140" mi="0" ci="7" mb="0" cb="2"/><line nr="141" mi="0" ci="7" mb="0" cb="0"/><line nr="150" mi="0" ci="1" mb="0" cb="0"/><line nr="153" mi="0" ci="5" mb="1" cb="1"/><line nr="154" mi="0" ci="5" mb="0" cb="0"/><line nr="156" mi="0" ci="1" mb="0" cb="0"/><line nr="160" mi="8" ci="0" mb="2" cb="0"/><line nr="161" mi="8" ci="0" mb="2" cb="0"/><line nr="163" mi="8" ci="0" mb="0" cb="0"/><line nr="166" mi="1" ci="0" mb="0" cb="0"/><line nr="169" mi="6" ci="0" mb="2" cb="0"/><line nr="170" mi="6" ci="0" mb="0" cb="0"/><line nr="172" mi="1" ci="0" mb="0" cb="0"/><line nr="176" mi="8" ci="0" mb="2" cb="0"/><line nr="177" mi="8" ci="0" mb="2" cb="0"/><line nr="179" mi="8" ci="0" mb="0" cb="0"/><line nr="182" mi="1" ci="0" mb="0" cb="0"/><line nr="185" mi="6" ci="0" mb="2" cb="0"/><line nr="186" mi="6" ci="0" mb="0" cb="0"/><line nr="188" mi="1" ci="0" mb="0" cb="0"/><line nr="191" mi="0" ci="4" mb="0" cb="0"/><line nr="194" mi="5" ci="0" mb="0" cb="0"/><line nr="195" mi="1" ci="0" mb="0" cb="0"/><line nr="198" mi="0" ci="2" mb="0" cb="0"/><line nr="199" mi="0" ci="1" mb="0" cb="0"/><counter type="INSTRUCTION" missed="182" covered="116"/><counter type="BRANCH" missed="35" covered="11"/><counter type="LINE" missed="38" covered="29"/><counter type="COMPLEXITY" missed="28" covered="9"/><counter type="METHOD" missed="7" covered="7"/><counter type="CLASS" missed="0" covered="1"/></sourcefile><sourcefile name="Jackson2MapperService.java"><line nr="91" mi="2" ci="7" mb="1" cb="1"/><line nr="105" mi="0" ci="3" mb="0" cb="0"/><line nr="106" mi="0" ci="3" mb="0" cb="0"/><line nr="107" mi="0" ci="3" mb="0" cb="0"/><line nr="118" mi="0" ci="3" mb="0" cb="0"/><line nr="120" mi="0" ci="3" mb="0" cb="0"/><line nr="122" mi="0" ci="3" mb="0" cb="0"/><line nr="124" mi="0" ci="3" mb="0" cb="0"/><line nr="125" mi="0" ci="4" mb="0" cb="0"/><line nr="129" mi="6" ci="0" mb="0" cb="0"/><line nr="134" mi="7" ci="0" mb="0" cb="0"/><line nr="138" mi="7" ci="0" mb="0" cb="0"/><line nr="150" mi="0" ci="2" mb="0" cb="0"/><line nr="151" mi="0" ci="2" mb="1" cb="1"/><line nr="152" mi="4" ci="0" mb="0" cb="0"/><line nr="153" mi="2" ci="0" mb="0" cb="0"/><line nr="155" mi="0" ci="2" mb="1" cb="1"/><line nr="156" mi="14" ci="0" mb="0" cb="0"/><line nr="157" mi="4" ci="0" mb="0" cb="0"/><line nr="159" mi="0" ci="13" mb="0" cb="0"/><line nr="160" mi="0" ci="5" mb="0" cb="0"/><line nr="161" mi="0" ci="3" mb="1" cb="1"/><line nr="162" mi="0" ci="9" mb="0" cb="0"/><line nr="165" mi="0" ci="16" mb="0" cb="0"/><line nr="166" mi="0" ci="5" mb="0" cb="0"/><line nr="167" mi="0" ci="7" mb="0" cb="0"/><line nr="168" mi="0" ci="3" mb="1" cb="1"/><line nr="169" mi="0" ci="5" mb="0" cb="0"/><line nr="171" mi="0" ci="2" mb="0" cb="0"/><line nr="176" mi="2" ci="0" mb="0" cb="0"/><line nr="177" mi="2" ci="0" mb="2" cb="0"/><line nr="178" mi="6" ci="0" mb="0" cb="0"/><line nr="180" mi="4" ci="0" mb="0" cb="0"/><line nr="182" mi="4" ci="0" mb="0" cb="0"/><line nr="193" mi="6" ci="0" mb="0" cb="0"/><line nr="211" mi="3" ci="0" mb="2" cb="0"/><line nr="212" mi="3" ci="0" mb="0" cb="0"/><line nr="213" mi="7" ci="0" mb="0" cb="0"/><line nr="214" mi="3" ci="0" mb="0" cb="0"/><line nr="215" mi="15" ci="0" mb="0" cb="0"/><line nr="216" mi="5" ci="0" mb="0" cb="0"/><line nr="217" mi="4" ci="0" mb="2" cb="0"/><line nr="218" mi="11" ci="0" mb="0" cb="0"/><line nr="220" mi="7" ci="0" mb="0" cb="0"/><line nr="222" mi="12" ci="0" mb="0" cb="0"/><line nr="224" mi="2" ci="0" mb="0" cb="0"/><line nr="228" mi="5" ci="0" mb="0" cb="0"/><line nr="229" mi="15" ci="0" mb="0" cb="0"/><line nr="230" mi="2" ci="0" mb="0" cb="0"/><line nr="234" mi="17" ci="0" mb="0" cb="0"/><line nr="239" mi="13" ci="0" mb="0" cb="0"/><line nr="244" mi="7" ci="0" mb="0" cb="0"/><line nr="249" mi="12" ci="0" mb="0" cb="0"/><line nr="255" mi="3" ci="0" mb="2" cb="0"/><line nr="256" mi="6" ci="0" mb="0" cb="0"/><line nr="258" mi="11" ci="0" mb="0" cb="0"/><line nr="259" mi="3" ci="0" mb="0" cb="0"/><line nr="273" mi="7" ci="0" mb="0" cb="0"/><line nr="274" mi="3" ci="0" mb="2" cb="0"/><line nr="275" mi="5" ci="0" mb="0" cb="0"/><line nr="277" mi="2" ci="0" mb="0" cb="0"/><line nr="290" mi="19" ci="0" mb="0" cb="0"/><line nr="292" mi="6" ci="0" mb="0" cb="0"/><line nr="293" mi="2" ci="0" mb="0" cb="0"/><line nr="309" mi="7" ci="0" mb="0" cb="0"/><line nr="310" mi="15" ci="0" mb="0" cb="0"/><line nr="311" mi="8" ci="0" mb="0" cb="0"/><line nr="326" mi="8" ci="0" mb="0" cb="0"/><line nr="336" mi="2" ci="0" mb="0" cb="0"/><line nr="337" mi="2" ci="0" mb="2" cb="0"/><line nr="338" mi="5" ci="0" mb="0" cb="0"/><line nr="339" mi="5" ci="0" mb="0" cb="0"/><line nr="341" mi="15" ci="0" mb="0" cb="0"/><line nr="342" mi="5" ci="0" mb="0" cb="0"/><line nr="347" mi="9" ci="0" mb="0" cb="0"/><line nr="353" mi="8" ci="0" mb="0" cb="0"/><line nr="358" mi="8" ci="0" mb="0" cb="0"/><line nr="364" mi="8" ci="0" mb="0" cb="0"/><line nr="370" mi="12" ci="0" mb="0" cb="0"/><line nr="386" mi="2" ci="0" mb="0" cb="0"/><line nr="387" mi="2" ci="0" mb="2" cb="0"/><line nr="388" mi="4" ci="0" mb="0" cb="0"/><line nr="389" mi="2" ci="0" mb="2" cb="0"/><line nr="390" mi="5" ci="0" mb="0" cb="0"/><line nr="395" mi="15" ci="0" mb="0" cb="0"/><line nr="400" mi="9" ci="0" mb="0" cb="0"/><line nr="405" mi="8" ci="0" mb="0" cb="0"/><line nr="411" mi="8" ci="0" mb="0" cb="0"/><line nr="417" mi="0" ci="12" mb="0" cb="0"/><line nr="422" mi="0" ci="2" mb="0" cb="0"/><line nr="423" mi="0" ci="11" mb="3" cb="3"/><line nr="424" mi="0" ci="3" mb="0" cb="0"/><line nr="425" mi="0" ci="13" mb="0" cb="0"/><line nr="427" mi="4" ci="0" mb="0" cb="0"/><line nr="428" mi="8" ci="0" mb="0" cb="0"/><line nr="430" mi="0" ci="2" mb="1" cb="1"/><line nr="431" mi="5" ci="0" mb="0" cb="0"/><line nr="432" mi="0" ci="8" mb="0" cb="0"/><line nr="437" mi="11" ci="0" mb="4" cb="0"/><line nr="438" mi="9" ci="0" mb="0" cb="0"/><line nr="439" mi="4" ci="0" mb="0" cb="0"/><line nr="440" mi="4" ci="0" mb="0" cb="0"/><line nr="441" mi="5" ci="0" mb="0" cb="0"/><line nr="442" mi="6" ci="0" mb="0" cb="0"/><line nr="444" mi="7" ci="0" mb="0" cb="0"/><line nr="445" mi="5" ci="0" mb="4" cb="0"/><line nr="446" mi="5" ci="0" mb="0" cb="0"/><line nr="448" mi="2" ci="0" mb="0" cb="0"/><line nr="453" mi="15" ci="0" mb="0" cb="0"/><line nr="454" mi="13" ci="0" mb="6" cb="0"/><line nr="455" mi="9" ci="0" mb="0" cb="0"/><line nr="456" mi="4" ci="0" mb="0" cb="0"/><line nr="461" mi="4" ci="0" mb="0" cb="0"/><line nr="462" mi="5" ci="0" mb="0" cb="0"/><line nr="463" mi="5" ci="0" mb="0" cb="0"/><line nr="466" mi="9" ci="0" mb="2" cb="0"/><line nr="467" mi="5" ci="0" mb="0" cb="0"/><line nr="468" mi="3" ci="0" mb="2" cb="0"/><line nr="469" mi="5" ci="0" mb="0" cb="0"/><line nr="471" mi="2" ci="0" mb="0" cb="0"/><line nr="493" mi="0" ci="2" mb="0" cb="0"/><line nr="494" mi="0" ci="3" mb="1" cb="1"/><line nr="495" mi="0" ci="8" mb="0" cb="0"/><line nr="497" mi="0" ci="11" mb="0" cb="0"/><line nr="498" mi="0" ci="6" mb="0" cb="0"/><line nr="499" mi="0" ci="6" mb="2" cb="2"/><line nr="500" mi="0" ci="3" mb="1" cb="1"/><line nr="501" mi="2" ci="4" mb="1" cb="1"/><line nr="502" mi="0" ci="8" mb="0" cb="0"/><line nr="505" mi="0" ci="2" mb="0" cb="0"/><line nr="510" mi="0" ci="2" mb="0" cb="0"/><line nr="511" mi="0" ci="2" mb="1" cb="1"/><line nr="512" mi="0" ci="4" mb="0" cb="0"/><line nr="513" mi="0" ci="4" mb="0" cb="0"/><line nr="515" mi="0" ci="3" mb="1" cb="1"/><line nr="516" mi="0" ci="7" mb="1" cb="1"/><line nr="517" mi="0" ci="12" mb="0" cb="0"/><line nr="518" mi="0" ci="4" mb="0" cb="0"/><line nr="519" mi="0" ci="2" mb="1" cb="1"/><line nr="520" mi="0" ci="9" mb="0" cb="0"/><line nr="523" mi="8" ci="0" mb="0" cb="0"/><line nr="528" mi="0" ci="11" mb="0" cb="0"/><line nr="529" mi="0" ci="2" mb="0" cb="0"/><line nr="544" mi="0" ci="4" mb="1" cb="1"/><line nr="546" mi="0" ci="10" mb="0" cb="0"/><line nr="547" mi="0" ci="2" mb="1" cb="1"/><line nr="548" mi="5" ci="0" mb="0" cb="0"/><line nr="549" mi="16" ci="0" mb="2" cb="0"/><line nr="550" mi="11" ci="0" mb="0" cb="0"/><line nr="552" mi="5" ci="0" mb="0" cb="0"/><line nr="555" mi="0" ci="1" mb="0" cb="0"/><line nr="558" mi="5" ci="0" mb="0" cb="0"/><line nr="559" mi="2" ci="0" mb="0" cb="0"/><line nr="563" mi="5" ci="0" mb="0" cb="0"/><line nr="564" mi="1" ci="0" mb="0" cb="0"/><line nr="567" mi="5" ci="0" mb="0" cb="0"/><line nr="568" mi="1" ci="0" mb="0" cb="0"/><line nr="575" mi="5" ci="0" mb="0" cb="0"/><line nr="576" mi="1" ci="0" mb="0" cb="0"/><line nr="583" mi="0" ci="12" mb="0" cb="0"/><line nr="584" mi="0" ci="5" mb="0" cb="0"/><line nr="586" mi="0" ci="5" mb="0" cb="0"/><line nr="588" mi="0" ci="2" mb="1" cb="1"/><line nr="589" mi="0" ci="3" mb="0" cb="0"/><line nr="590" mi="0" ci="5" mb="0" cb="0"/><line nr="592" mi="0" ci="3" mb="0" cb="0"/><line nr="593" mi="0" ci="11" mb="0" cb="0"/><line nr="594" mi="0" ci="4" mb="0" cb="2"/><line nr="595" mi="0" ci="5" mb="0" cb="0"/><line nr="596" mi="0" ci="5" mb="0" cb="0"/><line nr="597" mi="0" ci="7" mb="0" cb="0"/><line nr="598" mi="0" ci="5" mb="0" cb="0"/><line nr="599" mi="0" ci="2" mb="0" cb="0"/><line nr="600" mi="0" ci="2" mb="0" cb="0"/><line nr="602" mi="0" ci="4" mb="0" cb="0"/><line nr="603" mi="0" ci="3" mb="0" cb="0"/><line nr="604" mi="0" ci="15" mb="0" cb="0"/><line nr="605" mi="0" ci="7" mb="0" cb="0"/><line nr="606" mi="0" ci="6" mb="0" cb="0"/><line nr="607" mi="1" ci="0" mb="0" cb="0"/><line nr="608" mi="5" ci="0" mb="0" cb="0"/><line nr="609" mi="0" ci="1" mb="0" cb="0"/><line nr="610" mi="0" ci="1" mb="0" cb="0"/><line nr="614" mi="0" ci="3" mb="0" cb="0"/><line nr="615" mi="0" ci="15" mb="0" cb="0"/><line nr="616" mi="0" ci="6" mb="0" cb="0"/><line nr="617" mi="1" ci="0" mb="0" cb="0"/><line nr="618" mi="5" ci="0" mb="0" cb="0"/><line nr="619" mi="0" ci="1" mb="0" cb="0"/><line nr="622" mi="0" ci="1" mb="0" cb="0"/><line nr="624" mi="0" ci="5" mb="0" cb="0"/><line nr="625" mi="0" ci="5" mb="0" cb="0"/><line nr="627" mi="0" ci="5" mb="0" cb="0"/><line nr="628" mi="0" ci="2" mb="1" cb="1"/><line nr="629" mi="4" ci="0" mb="0" cb="0"/><line nr="631" mi="0" ci="5" mb="0" cb="0"/><line nr="632" mi="0" ci="2" mb="1" cb="1"/><line nr="633" mi="0" ci="4" mb="0" cb="0"/><line nr="635" mi="0" ci="5" mb="0" cb="0"/><line nr="636" mi="0" ci="2" mb="1" cb="1"/><line nr="637" mi="4" ci="0" mb="0" cb="0"/><line nr="640" mi="0" ci="5" mb="0" cb="0"/><line nr="641" mi="0" ci="2" mb="1" cb="1"/><line nr="642" mi="13" ci="0" mb="0" cb="0"/><line nr="643" mi="3" ci="0" mb="0" cb="0"/><line nr="645" mi="0" ci="5" mb="0" cb="0"/><line nr="646" mi="0" ci="2" mb="1" cb="1"/><line nr="647" mi="0" ci="4" mb="0" cb="0"/><line nr="649" mi="0" ci="1" mb="0" cb="0"/><line nr="653" mi="0" ci="8" mb="0" cb="0"/><line nr="655" mi="0" ci="2" mb="0" cb="0"/><line nr="657" mi="0" ci="2" mb="0" cb="0"/><line nr="659" mi="0" ci="2" mb="0" cb="0"/><line nr="661" mi="0" ci="12" mb="0" cb="0"/><line nr="662" mi="0" ci="12" mb="0" cb="0"/><line nr="663" mi="0" ci="3" mb="1" cb="1"/><line nr="664" mi="6" ci="0" mb="0" cb="0"/><line nr="667" mi="0" ci="9" mb="0" cb="0"/><line nr="669" mi="0" ci="3" mb="1" cb="1"/><line nr="670" mi="0" ci="6" mb="0" cb="0"/><line nr="672" mi="0" ci="3" mb="1" cb="1"/><line nr="674" mi="11" ci="0" mb="0" cb="0"/><line nr="675" mi="1" ci="0" mb="0" cb="0"/><line nr="676" mi="17" ci="0" mb="0" cb="0"/><line nr="678" mi="1" ci="0" mb="0" cb="0"/><line nr="681" mi="0" ci="12" mb="0" cb="0"/><line nr="683" mi="0" ci="14" mb="0" cb="0"/><line nr="686" mi="3" ci="0" mb="0" cb="0"/><line nr="688" mi="1" ci="0" mb="0" cb="0"/><line nr="690" mi="0" ci="7" mb="0" cb="0"/><line nr="691" mi="0" ci="4" mb="1" cb="1"/><line nr="692" mi="0" ci="10" mb="0" cb="0"/><line nr="693" mi="0" ci="14" mb="0" cb="0"/><line nr="696" mi="0" ci="3" mb="1" cb="1"/><line nr="698" mi="0" ci="2" mb="0" cb="0"/><line nr="700" mi="0" ci="6" mb="0" cb="0"/><line nr="701" mi="0" ci="12" mb="0" cb="0"/><line nr="702" mi="1" ci="0" mb="0" cb="0"/><line nr="703" mi="17" ci="0" mb="0" cb="0"/><line nr="705" mi="0" ci="1" mb="0" cb="0"/><line nr="708" mi="0" ci="1" mb="0" cb="0"/><line nr="711" mi="5" ci="3" mb="3" cb="1"/><line nr="712" mi="6" ci="0" mb="0" cb="0"/><line nr="713" mi="9" ci="0" mb="0" cb="0"/><line nr="714" mi="21" ci="0" mb="0" cb="0"/><line nr="716" mi="0" ci="1" mb="0" cb="0"/><line nr="719" mi="0" ci="7" mb="2" cb="2"/><line nr="720" mi="0" ci="7" mb="0" cb="0"/><line nr="721" mi="0" ci="4" mb="0" cb="0"/><line nr="722" mi="0" ci="4" mb="0" cb="0"/><line nr="723" mi="0" ci="6" mb="0" cb="0"/><line nr="724" mi="0" ci="2" mb="0" cb="0"/><line nr="726" mi="0" ci="11" mb="0" cb="0"/><line nr="727" mi="0" ci="4" mb="0" cb="0"/><line nr="728" mi="1" ci="0" mb="0" cb="0"/><line nr="729" mi="17" ci="0" mb="0" cb="0"/><line nr="730" mi="0" ci="1" mb="0" cb="0"/><line nr="731" mi="0" ci="2" mb="0" cb="0"/><line nr="732" mi="0" ci="5" mb="2" cb="2"/><line nr="735" mi="0" ci="4" mb="0" cb="2"/><line nr="736" mi="0" ci="3" mb="0" cb="0"/><line nr="737" mi="0" ci="8" mb="0" cb="0"/><line nr="738" mi="4" ci="7" mb="1" cb="1"/><line nr="739" mi="0" ci="4" mb="1" cb="1"/><line nr="740" mi="0" ci="15" mb="0" cb="0"/><line nr="741" mi="0" ci="6" mb="0" cb="0"/><line nr="742" mi="0" ci="4" mb="0" cb="2"/><line nr="743" mi="0" ci="3" mb="0" cb="0"/><line nr="744" mi="0" ci="8" mb="0" cb="0"/><line nr="745" mi="4" ci="7" mb="1" cb="1"/><line nr="746" mi="0" ci="4" mb="1" cb="1"/><line nr="747" mi="0" ci="15" mb="0" cb="0"/><line nr="748" mi="0" ci="6" mb="0" cb="0"/><line nr="749" mi="0" ci="4" mb="0" cb="2"/><line nr="750" mi="0" ci="3" mb="0" cb="0"/><line nr="751" mi="0" ci="8" mb="0" cb="0"/><line nr="752" mi="4" ci="11" mb="2" cb="2"/><line nr="753" mi="4" ci="11" mb="2" cb="2"/><line nr="754" mi="0" ci="14" mb="0" cb="0"/><line nr="755" mi="0" ci="6" mb="0" cb="0"/><line nr="756" mi="0" ci="15" mb="0" cb="0"/><line nr="757" mi="0" ci="6" mb="0" cb="0"/><line nr="758" mi="0" ci="4" mb="1" cb="1"/><line nr="759" mi="0" ci="3" mb="0" cb="0"/><line nr="760" mi="0" ci="15" mb="0" cb="0"/><line nr="761" mi="0" ci="7" mb="0" cb="0"/><line nr="762" mi="4" ci="1" mb="2" cb="0"/><line nr="763" mi="1" ci="0" mb="0" cb="0"/><line nr="764" mi="2" ci="0" mb="0" cb="0"/><line nr="765" mi="15" ci="0" mb="0" cb="0"/><line nr="766" mi="7" ci="0" mb="0" cb="0"/><line nr="768" mi="1" ci="0" mb="0" cb="0"/><line nr="769" mi="17" ci="0" mb="0" cb="0"/><line nr="771" mi="0" ci="1" mb="0" cb="0"/><line nr="774" mi="0" ci="1" mb="0" cb="0"/><line nr="776" mi="0" ci="1" mb="0" cb="0"/><line nr="779" mi="0" ci="12" mb="0" cb="2"/><line nr="780" mi="0" ci="4" mb="0" cb="0"/><line nr="781" mi="0" ci="4" mb="0" cb="0"/><line nr="782" mi="0" ci="7" mb="1" cb="3"/><line nr="784" mi="0" ci="11" mb="0" cb="0"/><line nr="785" mi="1" ci="0" mb="0" cb="0"/><line nr="786" mi="16" ci="0" mb="0" cb="0"/><line nr="787" mi="0" ci="1" mb="0" cb="0"/><line nr="788" mi="0" ci="6" mb="2" cb="2"/><line nr="790" mi="0" ci="11" mb="0" cb="0"/><line nr="791" mi="1" ci="0" mb="0" cb="0"/><line nr="792" mi="16" ci="0" mb="0" cb="0"/><line nr="793" mi="0" ci="1" mb="0" cb="0"/><line nr="795" mi="0" ci="1" mb="0" cb="0"/><line nr="796" mi="0" ci="3" mb="1" cb="1"/><line nr="797" mi="5" ci="0" mb="0" cb="0"/><line nr="798" mi="14" ci="0" mb="0" cb="0"/><line nr="799" mi="7" ci="0" mb="0" cb="0"/><line nr="800" mi="0" ci="6" mb="2" cb="2"/><line nr="801" mi="0" ci="8" mb="0" cb="0"/><line nr="802" mi="0" ci="5" mb="0" cb="0"/><line nr="803" mi="0" ci="1" mb="0" cb="0"/><line nr="804" mi="6" ci="0" mb="0" cb="0"/><line nr="807" mi="0" ci="4" mb="1" cb="1"/><line nr="808" mi="0" ci="11" mb="0" cb="0"/><line nr="809" mi="0" ci="14" mb="0" cb="0"/><line nr="811" mi="0" ci="4" mb="1" cb="1"/><line nr="812" mi="11" ci="0" mb="0" cb="0"/><line nr="813" mi="14" ci="0" mb="0" cb="0"/><line nr="815" mi="0" ci="1" mb="0" cb="0"/><line nr="826" mi="0" ci="4" mb="0" cb="0"/><line nr="830" mi="0" ci="2" mb="1" cb="1"/><line nr="831" mi="0" ci="5" mb="0" cb="0"/><line nr="833" mi="3" ci="0" mb="0" cb="0"/><line nr="836" mi="0" ci="2" mb="0" cb="0"/><line nr="837" mi="1" ci="0" mb="0" cb="0"/><line nr="839" mi="2" ci="0" mb="0" cb="0"/><line nr="844" mi="0" ci="3" mb="0" cb="0"/><line nr="848" mi="3" ci="0" mb="0" cb="0"/><line nr="849" mi="1" ci="0" mb="0" cb="0"/><line nr="852" mi="0" ci="3" mb="0" cb="0"/><line nr="856" mi="3" ci="0" mb="0" cb="0"/><line nr="857" mi="2" ci="0" mb="2" cb="0"/><line nr="858" mi="6" ci="0" mb="0" cb="0"/><line nr="859" mi="1" ci="0" mb="0" cb="0"/><line nr="861" mi="0" ci="7" mb="0" cb="0"/><line nr="865" mi="0" ci="2" mb="0" cb="0"/><line nr="867" mi="0" ci="4" mb="0" cb="0"/><line nr="868" mi="0" ci="4" mb="0" cb="0"/><line nr="869" mi="0" ci="4" mb="0" cb="0"/><line nr="870" mi="0" ci="4" mb="0" cb="0"/><line nr="872" mi="0" ci="3" mb="0" cb="0"/><line nr="873" mi="0" ci="1" mb="0" cb="0"/><line nr="877" mi="0" ci="3" mb="0" cb="0"/><line nr="885" mi="2" ci="0" mb="0" cb="0"/><counter type="INSTRUCTION" missed="1009" covered="1058"/><counter type="BRANCH" missed="96" covered="66"/><counter type="LINE" missed="152" covered="199"/><counter type="COMPLEXITY" missed="111" covered="28"/><counter type="METHOD" missed="36" covered="22"/><counter type="CLASS" missed="0" covered="3"/></sourcefile><sourcefile name="MixinModule.java"><line nr="33" mi="4" ci="0" mb="0" cb="0"/><line nr="34" mi="3" ci="0" mb="0" cb="0"/><line nr="35" mi="3" ci="0" mb="0" cb="0"/><line nr="36" mi="1" ci="0" mb="0" cb="0"/><line nr="40" mi="6" ci="0" mb="0" cb="0"/><line nr="41" mi="1" ci="0" mb="0" cb="0"/><counter type="INSTRUCTION" missed="18" covered="0"/><counter type="LINE" missed="6" covered="0"/><counter type="COMPLEXITY" missed="2" covered="0"/><counter type="METHOD" missed="2" covered="0"/><counter type="CLASS" missed="1" covered="0"/></sourcefile><sourcefile name="CustomModule.java"><line nr="40" mi="4" ci="0" mb="0" cb="0"/><line nr="41" mi="5" ci="0" mb="0" cb="0"/><line nr="42" mi="5" ci="0" mb="0" cb="0"/><line nr="43" mi="1" ci="0" mb="0" cb="0"/><counter type="INSTRUCTION" missed="15" covered="0"/><counter type="LINE" missed="4" covered="0"/><counter type="COMPLEXITY" missed="1" covered="0"/><counter type="METHOD" missed="1" covered="0"/><counter type="CLASS" missed="1" covered="0"/></sourcefile><counter type="INSTRUCTION" missed="1234" covered="1264"/><counter type="BRANCH" missed="138" covered="84"/><counter type="LINE" missed="205" covered="256"/><counter type="COMPLEXITY" missed="150" covered="43"/><counter type="METHOD" missed="47" covered="35"/><counter type="CLASS" missed="2" covered="5"/></package><counter type="INSTRUCTION" missed="1282" covered="1294"/><counter type="BRANCH" missed="138" covered="84"/><counter type="LINE" missed="224" covered="265"/><counter type="COMPLEXITY" missed="161" covered="46"/><counter type="METHOD" missed="58" covered="38"/><counter type="CLASS" missed="4" covered="7"/></report>